<?xml version="1.0" encoding="UTF-8"?>
<!-- Generated by org.testng.reporters.JUnitReportReporter -->
<testsuite skipped="0" hostname="DESKTOP-5932G07" name="demo.BrowserTest" tests="1" failures="0" timestamp="2021-05-29T14:02:16 IST" time="0.008" errors="0">
  <testcase name="test1" time="0.008" classname="demo.BrowserTest"/>
  <system-out/>
</testsuite> <!-- demo.BrowserTest -->
