<?xml version="1.0" encoding="UTF-8"?>
<!-- Generated by org.testng.reporters.JUnitReportReporter -->
<testsuite skipped="0" hostname="DESKTOP-5932G07" name="demo.LambdaTestFirst" tests="1" failures="0" timestamp="2021-05-29T14:24:15 IST" time="6.259" errors="0">
  <testcase name="testSimple" time="6.259" classname="demo.LambdaTestFirst"/>
  <system-out/>
</testsuite> <!-- demo.LambdaTestFirst -->
